=== Before ===
          name    dtype   unique  size (MB)
0      coordsx  float64      224         62
1      coordsy  float64      219         62
2      created   object  8142495        652
3     observed   object    44640        597
4  parameterId   object       47        546
5    stationId    int64      247         62
6        value  float64    11532         62
Total size: 2045.0958003997803 MB

=== After ===
          name                dtype   unique  size (MB)
0      coordsx              float32      224         31
1      coordsy              float32      219         31
2      created  datetime64[ns, UTC]  8142495         62
3     observed  datetime64[ns, UTC]    44640         62
4  parameterId             category       47          7
5    stationId             category      247         15
6        value              float32    11532         31
Total size: 240.73810195922852 MB

Reduction: 2045.1 MB -> 240.7 MB (88.2% smaller)

------------------------------------------------------------
Sender: LSF System <lsfadmin@hpc.dtu.dk>
Subject: Job 28055273: <ex3_optimize_dtypes> in cluster <dcc> Done

Job <ex3_optimize_dtypes> was submitted from host <hpclogin1> by user <s225224> in cluster <dcc> at Wed Mar 18 14:55:01 2026
Job was executed on host(s) <n-62-11-67>, in queue <hpc>, as user <s225224> in cluster <dcc> at Wed Mar 18 14:55:02 2026
</zhome/77/2/187952> was used as the home directory.
</zhome/77/2/187952/projects/python-and-hpc> was used as the working directory.
Started at Wed Mar 18 14:55:02 2026
Terminated at Wed Mar 18 14:56:33 2026
Results reported at Wed Mar 18 14:56:33 2026

Your job looked like:

------------------------------------------------------------
# LSBATCH: User input
#!/bin/bash
#BSUB -q hpc
#BSUB -J ex3_optimize_dtypes
#BSUB -o exercises/week7/ex3_optimize_dtypes_%J.out
#BSUB -e exercises/week7/ex3_optimize_dtypes_%J.err
#BSUB -n 1
#BSUB -R "rusage[mem=8GB]"
#BSUB -W 10

uv sync
uv run python exercises/week7/optimize_dtypes.py

------------------------------------------------------------

Successfully completed.

Resource usage summary:

    CPU time :                                   88.72 sec.
    Max Memory :                                 1455 MB
    Average Memory :                             975.33 MB
    Total Requested Memory :                     8192.00 MB
    Delta Memory :                               6737.00 MB
    Max Swap :                                   -
    Max Processes :                              5
    Max Threads :                                8
    Run time :                                   91 sec.
    Turnaround time :                            92 sec.

The output (if any) is above this job summary.



PS:

Read file <exercises/week7/ex3_optimize_dtypes_28055273.err> for stderr output of this job.

