          name    dtype   unique  size (MB)
0      coordsx  float64      224         62
1      coordsy  float64      219         62
2      created   object  8142495        652
3     observed   object    44640        597
4  parameterId   object       47        546
5    stationId    int64      247         62
6        value  float64    11532         62
Total size: 2045.0958003997803 MB

------------------------------------------------------------
Sender: LSF System <lsfadmin@hpc.dtu.dk>
Subject: Job 28055222: <summarize> in cluster <dcc> Done

Job <summarize> was submitted from host <hpclogin1> by user <s225224> in cluster <dcc> at Wed Mar 18 14:43:09 2026
Job was executed on host(s) <n-62-31-10>, in queue <hpc>, as user <s225224> in cluster <dcc> at Wed Mar 18 14:43:10 2026
</zhome/77/2/187952> was used as the home directory.
</zhome/77/2/187952/projects/python-and-hpc> was used as the working directory.
Started at Wed Mar 18 14:43:10 2026
Terminated at Wed Mar 18 14:43:47 2026
Results reported at Wed Mar 18 14:43:47 2026

Your job looked like:

------------------------------------------------------------
# LSBATCH: User input
#!/bin/bash
#BSUB -q hpc
#BSUB -J summarize
#BSUB -o exercises/week7/summarize_%J.out
#BSUB -e exercises/week7/summarize_%J.err
#BSUB -n 1
#BSUB -R "rusage[mem=4GB]"
#BSUB -W 10

uv sync
uv run python exercises/week7/summarize.py

------------------------------------------------------------

Successfully completed.

Resource usage summary:

    CPU time :                                   35.01 sec.
    Max Memory :                                 1218 MB
    Average Memory :                             952.00 MB
    Total Requested Memory :                     4096.00 MB
    Delta Memory :                               2878.00 MB
    Max Swap :                                   -
    Max Processes :                              5
    Max Threads :                                10
    Run time :                                   37 sec.
    Turnaround time :                            38 sec.

The output (if any) is above this job summary.



PS:

Read file <exercises/week7/summarize_28055222.err> for stderr output of this job.

