=== Workers: 1 ===
=== Workers: 2 ===
=== Workers: 4 ===
=== Workers: 8 ===
=== Workers: 16 ===

------------------------------------------------------------
Sender: LSF System <lsfadmin@hpc.dtu.dk>
Subject: Job 28160248: <exercise6_dynamic> in cluster <dcc> Done

Job <exercise6_dynamic> was submitted from host <hpclogin1> by user <s254124> in cluster <dcc> at Wed Apr  8 10:24:45 2026
Job was executed on host(s) <16*n-62-31-14>, in queue <hpc>, as user <s254124> in cluster <dcc> at Wed Apr  8 10:24:47 2026
</zhome/e2/6/224426> was used as the home directory.
</zhome/e2/6/224426/project/python-and-hpc> was used as the working directory.
Started at Wed Apr  8 10:24:47 2026
Terminated at Wed Apr  8 11:12:33 2026
Results reported at Wed Apr  8 11:12:33 2026

Your job looked like:

------------------------------------------------------------
# LSBATCH: User input
#!/bin/bash
#BSUB -q hpc
#BSUB -J exercise6_dynamic
#BSUB -o miniproject/jobs/exercise6_dynamic_%J.out
#BSUB -e miniproject/jobs/exercise6_dynamic_%J.err
#BSUB -n 16
#BSUB -R "span[hosts=1]"
#BSUB -R "select[model == XeonGold6126]"
#BSUB -R "rusage[mem=8GB]"
#BSUB -W 60

N=100

uv sync
mkdir -p miniproject/results/exercise6

# Time with increasing number of workers to measure speed-up
for W in 1 2 4 8 16; do
    echo "=== Workers: $W ==="
    time uv run python miniproject/exercise6.py $N $W \
        > miniproject/results/exercise6/output_w${W}.csv
done

------------------------------------------------------------

Successfully completed.

Resource usage summary:

    CPU time :                                   8985.96 sec.
    Max Memory :                                 268 MB
    Average Memory :                             117.85 MB
    Total Requested Memory :                     131072.00 MB
    Delta Memory :                               130804.00 MB
    Max Swap :                                   -
    Max Processes :                              21
    Max Threads :                                26
    Run time :                                   2866 sec.
    Turnaround time :                            2868 sec.

The output (if any) is above this job summary.



PS:

Read file <miniproject/jobs/exercise6_dynamic_28160248.err> for stderr output of this job.

